Arguments: 
  /Users/erik.mendoza/.nvm/versions/node/v16.0.0/bin/node /usr/local/bin/yarn set version stable

PATH: 
  /Users/erik.mendoza/.nvm/versions/node/v16.0.0/bin:/Users/erik.mendoza/opt/anaconda3/bin:/Users/erik.mendoza/opt/anaconda3/condabin:/Users/erik.mendoza/.serverless/bin:/usr/local/bin:/usr/bin:/bin:/usr/sbin:/sbin:/Library/Apple/usr/bin:/Applications/Visual Studio Code.app/Contents/Resources/app/bin:/Users/erik.mendoza/Documents/development/flutter/bin

Yarn version: 
  1.22.10

Node version: 
  16.0.0

Platform: 
  darwin x64

Trace: 
  Error: Release not found: stable
      at /usr/local/lib/node_modules/yarn/lib/cli.js:89857:17
      at Generator.next (<anonymous>)
      at step (/usr/local/lib/node_modules/yarn/lib/cli.js:310:30)
      at /usr/local/lib/node_modules/yarn/lib/cli.js:321:13
      at processTicksAndRejections (node:internal/process/task_queues:96:5)

npm manifest: 
  {
    "name": "testHardhat",
    "packageManager": "yarn@3.2.3",
    "devDependencies": {
      "@ethersproject/abi": "^5.4.7",
      "@ethersproject/providers": "^5.4.7",
      "@nomicfoundation/hardhat-chai-matchers": "^1.0.0",
      "@nomicfoundation/hardhat-network-helpers": "^1.0.0",
      "@nomicfoundation/hardhat-toolbox": "^2.0.0",
      "@nomiclabs/hardhat-ethers": "^2.0.0",
      "@nomiclabs/hardhat-etherscan": "^3.0.0",
      "@typechain/ethers-v5": "^10.1.0",
      "@typechain/hardhat": "^6.1.2",
      "@types/chai": "^4.2.0",
      "@types/mocha": "^9.1.0",
      "@types/node": ">=12.0.0",
      "chai": "^4.2.0",
      "ethers": "^5.4.7",
      "hardhat": "^2.11.2",
      "hardhat-gas-reporter": "^1.0.8",
      "mocha": "^10.0.0",
      "solidity-coverage": "^0.8.0",
      "ts-node": ">=8.0.0",
      "typechain": "^8.1.0",
      "typescript": ">=4.5.0"
    }
  }

yarn manifest: 
  No manifest

Lockfile: 
  No lockfile
